<?xml version="1.0" encoding="UTF-8" ?>
<testsuite errors="1" failures="0" hostname="Guitarman" name="test.AllTests" skipped="0" tests="1" time="0.0" timestamp="2019-03-30T21:18:39">
  <properties>
    <property name="env.rvm_ruby_bits" value="" />
    <property name="ant.library.dir" value="/usr/local/Cellar/ant/1.10.5/libexec/lib" />
    <property name="awt.toolkit" value="sun.lwawt.macosx.LWCToolkit" />
    <property name="env.TERM" value="xterm-256color" />
    <property name="env.rvm_bin_path" value="/Users/sebastian/.rvm/bin" />
    <property name="java.specification.version" value="11" />
    <property name="ant.project.name" value="java_project_euler" />
    <property name="sun.cpu.isalist" value="" />
    <property name="sun.jnu.encoding" value="UTF-8" />
    <property name="sun.arch.data.model" value="64" />
    <property name="debuglevel" value="source,lines,vars" />
    <property name="env.rvm_quiet_flag" value="" />
    <property name="env.GEM_HOME" value="/Users/sebastian/.rvm/gems/ruby-2.2.1" />
    <property name="java.vendor.url" value="http://java.oracle.com/" />
    <property name="env.RLS_ROOT" value="/Users/sebastian/git/rust/rls" />
    <property name="env.rvm_wrapper_name" value="" />
    <property name="env.GOPATH" value="/Users/sebastian/dev/go" />
    <property name="sun.boot.library.path" value="/Library/Java/JavaVirtualMachines/jdk-11.0.2.jdk/Contents/Home/lib" />
    <property name="sun.java.command" value="org.apache.tools.ant.taskdefs.optional.junit.JUnitTestRunner test.AllTests skipNonTests=false filtertrace=true haltOnError=false haltOnFailure=false formatter=org.apache.tools.ant.taskdefs.optional.junit.OutErrSummaryJUnitResultFormatter showoutput=false outputtoformatters=true logfailedtests=true threadid=0 logtestlistenerevents=false formatter=org.apache.tools.ant.taskdefs.optional.junit.XMLJUnitResultFormatter,/Users/sebastian/dev/java/java_project_euler/junit/TEST-test.AllTests.xml crashfile=/Users/sebastian/dev/java/java_project_euler/junitvmwatcher4393145864342713950.properties propsfile=/Users/sebastian/dev/java/java_project_euler/junit11916827040373622270.properties" />
    <property name="jdk.debug" value="release" />
    <property name="env.rvm_gemstone_url" value="" />
    <property name="env.rvm_ruby_make" value="" />
    <property name="java.specification.vendor" value="Oracle Corporation" />
    <property name="java.version.date" value="2019-01-15" />
    <property name="java.home" value="/Library/Java/JavaVirtualMachines/jdk-11.0.2.jdk/Contents/Home" />
    <property name="file.separator" value="/" />
    <property name="basedir" value="/Users/sebastian/dev/java/java_project_euler" />
    <property name="env.LESS" value="-R" />
    <property name="java.vm.compressedOopsMode" value="Zero based" />
    <property name="line.separator" value="&#xa;" />
    <property name="java.specification.name" value="Java Platform API Specification" />
    <property name="java.vm.specification.vendor" value="Oracle Corporation" />
    <property name="env._system_name" value="OSX" />
    <property name="sun.management.compiler" value="HotSpot 64-Bit Tiered Compilers" />
    <property name="env.TERM_PROGRAM_VERSION" value="421.1" />
    <property name="java.runtime.version" value="11.0.2+9-LTS" />
    <property name="user.name" value="sebastian" />
    <property name="env.rvm_version" value="1.26.11 (latest)" />
    <property name="env.LSCOLORS" value="Gxfxcxdxbxegedabagacad" />
    <property name="env.PATH" value="/Users/sebastian/.rvm/gems/ruby-2.2.1/bin:/Users/sebastian/.rvm/gems/ruby-2.2.1@global/bin:/Users/sebastian/.rvm/rubies/ruby-2.2.1/bin:/Users/sebastian/bin:/Users/sebastian/.composer/vendor/bin:/usr/local/sbin:/Users/sebastian/.cargo/bin:/usr/local/bin:/usr/bin:/bin:/usr/sbin:/sbin:/Applications/Wireshark.app/Contents/MacOS:/usr/local/Cellar/go/1.7.4/libexec/bin:/Users/sebastian/dev/go/bin:/Users/sebastian/.rvm/bin" />
    <property name="env.rvm_bin_flag" value="" />
    <property name="env.XPC_FLAGS" value="0x0" />
    <property name="env.LOGNAME" value="sebastian" />
    <property name="env.__CF_USER_TEXT_ENCODING" value="0x1F5:0x0:0x3" />
    <property name="file.encoding" value="UTF-8" />
    <property name="java.vendor.version" value="18.9" />
    <property name="env.TERM_SESSION_ID" value="E003E2EC-5B74-45E3-AA23-82CF5AA6D884" />
    <property name="env.SHLVL" value="2" />
    <property name="java.io.tmpdir" value="/var/folders/9x/4689770s1xq3fsxkb6cpyt200000gn/T/" />
    <property name="env.IRBRC" value="/Users/sebastian/.rvm/rubies/ruby-2.2.1/.irbrc" />
    <property name="java.version" value="11.0.2" />
    <property name="env.rvm_prefix" value="/Users/sebastian" />
    <property name="env.SSH_AUTH_SOCK" value="/private/tmp/com.apple.launchd.av2silbZbk/Listeners" />
    <property name="env.rvm_ruby_mode" value="" />
    <property name="java.vm.specification.name" value="Java Virtual Machine Specification" />
    <property name="java.awt.printerjob" value="sun.lwawt.macosx.CPrinterJob" />
    <property name="ant.home" value="/usr/local/Cellar/ant/1.10.5/libexec" />
    <property name="lib.dir" value="lib" />
    <property name="sun.os.patch.level" value="unknown" />
    <property name="junit.output.dir" value="junit" />
    <property name="ant.version" value="Apache Ant(TM) version 1.10.5 compiled on July 10 2018" />
    <property name="env.TMPDIR" value="/var/folders/9x/4689770s1xq3fsxkb6cpyt200000gn/T/" />
    <property name="java.library.path" value="/Users/sebastian/Library/Java/Extensions:/Library/Java/Extensions:/Network/Library/Java/Extensions:/System/Library/Java/Extensions:/usr/lib/java:." />
    <property name="java.vendor" value="Oracle Corporation" />
    <property name="sun.io.unicode.encoding" value="UnicodeBig" />
    <property name="env.rvm_sdk" value="" />
    <property name="socksNonProxyHosts" value="local|*.local|169.254/16|*.169.254/16" />
    <property name="env.TERM_PROGRAM" value="Apple_Terminal" />
    <property name="gopherProxySet" value="false" />
    <property name="ant.file.type" value="file" />
    <property name="env.PWD" value="/Users/sebastian/dev/java/java_project_euler" />
    <property name="env.LANG" value="de_DE.UTF-8" />
    <property name="env.LC_CTYPE" value="de_DE.UTF-8" />
    <property name="env.PAGER" value="less" />
    <property name="env.rvm_hook" value="" />
    <property name="env.rvm_path" value="/Users/sebastian/.rvm" />
    <property name="java.class.path" value="/Users/sebastian/dev/java/java_project_euler/lib:/Users/sebastian/dev/java/java_project_euler/lib/junit-4.12.jar:/usr/local/Cellar/ant/1.10.5/libexec/lib/ant-launcher.jar:/usr/local/Cellar/ant/1.10.5/libexec/lib/ant.jar:/usr/local/Cellar/ant/1.10.5/libexec/lib/ant-junit.jar:/usr/local/Cellar/ant/1.10.5/libexec/lib/ant-junit4.jar" />
    <property name="ant.file.java_project_euler" value="/Users/sebastian/dev/java/java_project_euler/build.xml" />
    <property name="env.HOME" value="/Users/sebastian" />
    <property name="source" value="11" />
    <property name="env.SECURITYSESSIONID" value="186a7" />
    <property name="java.vm.vendor" value="Oracle Corporation" />
    <property name="ant.file.type.java_project_euler" value="file" />
    <property name="env._system_version" value="10.14" />
    <property name="env.rvm_silent_flag" value="" />
    <property name="user.timezone" value="" />
    <property name="os.name" value="Mac OS X" />
    <property name="java.vm.specification.version" value="11" />
    <property name="env.rvm_ruby_file" value="" />
    <property name="sun.java.launcher" value="SUN_STANDARD" />
    <property name="user.country" value="DE" />
    <property name="env.rvm_alias_expanded" value="" />
    <property name="env.MY_RUBY_HOME" value="/Users/sebastian/.rvm/rubies/ruby-2.2.1" />
    <property name="env.UPDATE_ZSH_DAYS" value="13" />
    <property name="http.nonProxyHosts" value="local|*.local|169.254/16|*.169.254/16" />
    <property name="sun.cpu.endian" value="little" />
    <property name="user.home" value="/Users/sebastian" />
    <property name="user.language" value="de" />
    <property name="env.ZSH" value="/Users/sebastian/.oh-my-zsh" />
    <property name="ant.java.version" value="11" />
    <property name="java.awt.graphicsenv" value="sun.awt.CGraphicsEnvironment" />
    <property name="env.Apple_PubSub_Socket_Render" value="/private/tmp/com.apple.launchd.3u6Ifsn4YV/Render" />
    <property name="env.rvm_use_flag" value="" />
    <property name="env.XPC_SERVICE_NAME" value="0" />
    <property name="env.RUST_SRC_PATH" value="/Users/sebastian/.rustup/toolchains/stable-x86_64-apple-darwin/lib/rustlib/src/rust/src" />
    <property name="ftp.nonProxyHosts" value="local|*.local|169.254/16|*.169.254/16" />
    <property name="env.rvm_docs_type" value="" />
    <property name="env.rvm_ruby_make_install" value="" />
    <property name="env.rvm_niceness" value="" />
    <property name="ant.file" value="/Users/sebastian/dev/java/java_project_euler/build.xml" />
    <property name="env.rvm_script_name" value="" />
    <property name="path.separator" value=":" />
    <property name="env.rvm_gemstone_package_file" value="" />
    <property name="env.RUBY_VERSION" value="ruby-2.2.1" />
    <property name="os.version" value="10.14.3" />
    <property name="env.GEM_PATH" value="/Users/sebastian/.rvm/gems/ruby-2.2.1:/Users/sebastian/.rvm/gems/ruby-2.2.1@global" />
    <property name="java.runtime.name" value="Java(TM) SE Runtime Environment" />
    <property name="env.rvm_only_path_flag" value="" />
    <property name="ant.project.invoked-targets" value="AllTests" />
    <property name="env.GOROOT" value="/usr/local/Cellar/go/1.7.4/libexec" />
    <property name="java.vm.name" value="Java HotSpot(TM) 64-Bit Server VM" />
    <property name="env.SHELL" value="/bin/zsh" />
    <property name="ant.core.lib" value="/usr/local/Cellar/ant/1.10.5/libexec/lib/ant.jar" />
    <property name="java.vendor.url.bug" value="http://bugreport.java.com/bugreport/" />
    <property name="user.dir" value="/Users/sebastian/dev/java/java_project_euler" />
    <property name="os.arch" value="x86_64" />
    <property name="env._system_type" value="Darwin" />
    <property name="target" value="11" />
    <property name="java.vm.info" value="mixed mode" />
    <property name="env._system_arch" value="x86_64" />
    <property name="java.vm.version" value="11.0.2+9-LTS" />
    <property name="env.rvm_nightly_flag" value="" />
    <property name="env.USER" value="sebastian" />
    <property name="java.class.version" value="55.0" />
    <property name="env.rvm_proxy" value="" />
    <property name="env.JAVA_MAIN_CLASS_52623" value="org.apache.tools.ant.launch.Launcher" />
    <property name="ant.project.default-target" value="build" />
  </properties>
  <error message="test.AllTests" type="java.lang.ClassNotFoundException">java.lang.ClassNotFoundException: test.AllTests
	at java.base/jdk.internal.loader.BuiltinClassLoader.loadClass(BuiltinClassLoader.java:583)
	at java.base/jdk.internal.loader.ClassLoaders$AppClassLoader.loadClass(ClassLoaders.java:178)
	at java.base/java.lang.ClassLoader.loadClass(ClassLoader.java:521)
	at java.base/java.lang.Class.forName0(Native Method)
	at java.base/java.lang.Class.forName(Class.java:398)
</error>
  <system-out><![CDATA[]]></system-out>
  <system-err><![CDATA[]]></system-err>
</testsuite>
